<?xml version="1.0" encoding="UTF-8"?>
<testsuite xmlns:xsi="http://www.w3.org/2001/XMLSchema-instance" xsi:noNamespaceSchemaLocation="https://maven.apache.org/surefire/maven-surefire-plugin/xsd/surefire-test-report.xsd" name="com.parkit.parkingsystem.ParkingServiceTest" time="1.454" tests="4" errors="0" skipped="0" failures="0">
  <properties>
    <property name="java.specification.version" value="17"/>
    <property name="sun.jnu.encoding" value="UTF-8"/>
    <property name="java.class.path" value="/home/steven/Projets/java/parkingsystem-master/target/test-classes:/home/steven/Projets/java/parkingsystem-master/target/classes:/home/steven/.m2/repository/org/apache/logging/log4j/log4j-api/2.19.0/log4j-api-2.19.0.jar:/home/steven/.m2/repository/org/apache/logging/log4j/log4j-core/2.19.0/log4j-core-2.19.0.jar:/home/steven/.m2/repository/mysql/mysql-connector-java/8.0.30/mysql-connector-java-8.0.30.jar:/home/steven/.m2/repository/com/google/protobuf/protobuf-java/3.19.4/protobuf-java-3.19.4.jar:/home/steven/.m2/repository/org/junit/jupiter/junit-jupiter-api/5.9.0/junit-jupiter-api-5.9.0.jar:/home/steven/.m2/repository/org/opentest4j/opentest4j/1.2.0/opentest4j-1.2.0.jar:/home/steven/.m2/repository/org/junit/platform/junit-platform-commons/1.9.0/junit-platform-commons-1.9.0.jar:/home/steven/.m2/repository/org/apiguardian/apiguardian-api/1.1.2/apiguardian-api-1.1.2.jar:/home/steven/.m2/repository/org/junit/jupiter/junit-jupiter-engine/5.9.0/junit-jupiter-engine-5.9.0.jar:/home/steven/.m2/repository/org/junit/platform/junit-platform-engine/1.9.0/junit-platform-engine-1.9.0.jar:/home/steven/.m2/repository/org/mockito/mockito-junit-jupiter/4.8.0/mockito-junit-jupiter-4.8.0.jar:/home/steven/.m2/repository/org/mockito/mockito-core/4.8.0/mockito-core-4.8.0.jar:/home/steven/.m2/repository/net/bytebuddy/byte-buddy/1.12.14/byte-buddy-1.12.14.jar:/home/steven/.m2/repository/net/bytebuddy/byte-buddy-agent/1.12.14/byte-buddy-agent-1.12.14.jar:/home/steven/.m2/repository/org/objenesis/objenesis/3.2/objenesis-3.2.jar:/home/steven/.m2/repository/org/jacoco/jacoco-maven-plugin/0.8.8/jacoco-maven-plugin-0.8.8.jar:/home/steven/.m2/repository/org/codehaus/plexus/plexus-utils/3.0.22/plexus-utils-3.0.22.jar:/home/steven/.m2/repository/org/apache/maven/shared/file-management/1.2.1/file-management-1.2.1.jar:/home/steven/.m2/repository/org/apache/maven/maven-plugin-api/2.0.6/maven-plugin-api-2.0.6.jar:/home/steven/.m2/repository/org/apache/maven/shared/maven-shared-io/1.1/maven-shared-io-1.1.jar:/home/steven/.m2/repository/org/apache/maven/maven-artifact-manager/2.0.2/maven-artifact-manager-2.0.2.jar:/home/steven/.m2/repository/org/apache/maven/wagon/wagon-provider-api/1.0-alpha-6/wagon-provider-api-1.0-alpha-6.jar:/home/steven/.m2/repository/org/codehaus/plexus/plexus-container-default/1.0-alpha-9/plexus-container-default-1.0-alpha-9.jar:/home/steven/.m2/repository/junit/junit/3.8.1/junit-3.8.1.jar:/home/steven/.m2/repository/classworlds/classworlds/1.1-alpha-2/classworlds-1.1-alpha-2.jar:/home/steven/.m2/repository/org/apache/maven/reporting/maven-reporting-api/3.0/maven-reporting-api-3.0.jar:/home/steven/.m2/repository/org/jacoco/org.jacoco.agent/0.8.8/org.jacoco.agent-0.8.8-runtime.jar:/home/steven/.m2/repository/org/jacoco/org.jacoco.core/0.8.8/org.jacoco.core-0.8.8.jar:/home/steven/.m2/repository/org/ow2/asm/asm/9.2/asm-9.2.jar:/home/steven/.m2/repository/org/ow2/asm/asm-commons/9.2/asm-commons-9.2.jar:/home/steven/.m2/repository/org/ow2/asm/asm-analysis/9.2/asm-analysis-9.2.jar:/home/steven/.m2/repository/org/ow2/asm/asm-tree/9.2/asm-tree-9.2.jar:/home/steven/.m2/repository/org/jacoco/org.jacoco.report/0.8.8/org.jacoco.report-0.8.8.jar:/home/steven/.m2/repository/org/apache/maven/plugins/maven-assembly-plugin/3.4.2/maven-assembly-plugin-3.4.2.jar:/home/steven/.m2/repository/org/apache/maven/shared/maven-common-artifact-filters/3.3.1/maven-common-artifact-filters-3.3.1.jar:/home/steven/.m2/repository/org/slf4j/slf4j-api/1.7.36/slf4j-api-1.7.36.jar:/home/steven/.m2/repository/org/apache/maven/shared/maven-artifact-transfer/0.13.1/maven-artifact-transfer-0.13.1.jar:/home/steven/.m2/repository/org/apache/maven/maven-core/3.0/maven-core-3.0.jar:/home/steven/.m2/repository/org/apache/maven/maven-repository-metadata/3.0/maven-repository-metadata-3.0.jar:/home/steven/.m2/repository/org/apache/maven/maven-model-builder/3.0/maven-model-builder-3.0.jar:/home/steven/.m2/repository/org/apache/maven/maven-aether-provider/3.0/maven-aether-provider-3.0.jar:/home/steven/.m2/repository/org/sonatype/aether/aether-impl/1.7/aether-impl-1.7.jar:/home/steven/.m2/repository/org/sonatype/aether/aether-spi/1.7/aether-spi-1.7.jar:/home/steven/.m2/repository/org/sonatype/aether/aether-api/1.7/aether-api-1.7.jar:/home/steven/.m2/repository/org/sonatype/aether/aether-util/1.7/aether-util-1.7.jar:/home/steven/.m2/repository/org/sonatype/sisu/sisu-inject-plexus/1.4.2/sisu-inject-plexus-1.4.2.jar:/home/steven/.m2/repository/org/sonatype/sisu/sisu-inject-bean/1.4.2/sisu-inject-bean-1.4.2.jar:/home/steven/.m2/repository/org/sonatype/sisu/sisu-guice/2.1.7/sisu-guice-2.1.7-noaop.jar:/home/steven/.m2/repository/org/sonatype/plexus/plexus-sec-dispatcher/1.3/plexus-sec-dispatcher-1.3.jar:/home/steven/.m2/repository/org/sonatype/plexus/plexus-cipher/1.4/plexus-cipher-1.4.jar:/home/steven/.m2/repository/org/apache/maven/maven-artifact/3.0/maven-artifact-3.0.jar:/home/steven/.m2/repository/org/codehaus/plexus/plexus-component-annotations/2.0.0/plexus-component-annotations-2.0.0.jar:/home/steven/.m2/repository/org/codehaus/plexus/plexus-interpolation/1.26/plexus-interpolation-1.26.jar:/home/steven/.m2/repository/commons-io/commons-io/2.11.0/commons-io-2.11.0.jar:/home/steven/.m2/repository/org/apache/maven/shared/maven-filtering/3.3.0/maven-filtering-3.3.0.jar:/home/steven/.m2/repository/javax/inject/javax.inject/1/javax.inject-1.jar:/home/steven/.m2/repository/org/sonatype/plexus/plexus-build-api/0.0.7/plexus-build-api-0.0.7.jar:/home/steven/.m2/repository/org/codehaus/plexus/plexus-io/3.4.0/plexus-io-3.4.0.jar:/home/steven/.m2/repository/org/codehaus/plexus/plexus-archiver/4.4.0/plexus-archiver-4.4.0.jar:/home/steven/.m2/repository/org/apache/commons/commons-compress/1.21/commons-compress-1.21.jar:/home/steven/.m2/repository/org/iq80/snappy/snappy/0.4/snappy-0.4.jar:/home/steven/.m2/repository/org/tukaani/xz/1.9/xz-1.9.jar:/home/steven/.m2/repository/org/apache/maven/maven-archiver/3.6.0/maven-archiver-3.6.0.jar:/home/steven/.m2/repository/com/github/spotbugs/spotbugs-annotations/4.7.3/spotbugs-annotations-4.7.3.jar:/home/steven/.m2/repository/com/google/code/findbugs/jsr305/3.0.2/jsr305-3.0.2.jar:/home/steven/.m2/repository/org/apache/maven/plugins/maven-surefire-plugin/3.0.0-M7/maven-surefire-plugin-3.0.0-M7.jar:/home/steven/.m2/repository/org/apache/maven/surefire/maven-surefire-common/3.0.0-M7/maven-surefire-common-3.0.0-M7.jar:/home/steven/.m2/repository/org/apache/maven/surefire/surefire-api/3.0.0-M7/surefire-api-3.0.0-M7.jar:/home/steven/.m2/repository/org/apache/maven/surefire/surefire-logger-api/3.0.0-M7/surefire-logger-api-3.0.0-M7.jar:/home/steven/.m2/repository/org/apache/maven/surefire/surefire-extensions-api/3.0.0-M7/surefire-extensions-api-3.0.0-M7.jar:/home/steven/.m2/repository/org/apache/maven/surefire/surefire-booter/3.0.0-M7/surefire-booter-3.0.0-M7.jar:/home/steven/.m2/repository/org/apache/maven/surefire/surefire-extensions-spi/3.0.0-M7/surefire-extensions-spi-3.0.0-M7.jar:/home/steven/.m2/repository/org/codehaus/plexus/plexus-java/1.1.1/plexus-java-1.1.1.jar:/home/steven/.m2/repository/com/thoughtworks/qdox/qdox/2.0.1/qdox-2.0.1.jar:/home/steven/.m2/repository/org/apache/maven/surefire/surefire-shared-utils/3.0.0-M7/surefire-shared-utils-3.0.0-M7.jar:/home/steven/.m2/repository/org/apache/maven/plugins/maven-site-plugin/4.0.0-M3/maven-site-plugin-4.0.0-M3.jar:/home/steven/.m2/repository/org/apache/maven/reporting/maven-reporting-exec/2.0.0-M2/maven-reporting-exec-2.0.0-M2.jar:/home/steven/.m2/repository/org/apache/maven/maven-model/3.2.5/maven-model-3.2.5.jar:/home/steven/.m2/repository/org/apache/maven/maven-settings/3.2.5/maven-settings-3.2.5.jar:/home/steven/.m2/repository/org/apache/maven/maven-settings-builder/3.2.5/maven-settings-builder-3.2.5.jar:/home/steven/.m2/repository/org/eclipse/aether/aether-api/1.0.0.v20140518/aether-api-1.0.0.v20140518.jar:/home/steven/.m2/repository/org/eclipse/aether/aether-util/1.0.0.v20140518/aether-util-1.0.0.v20140518.jar:/home/steven/.m2/repository/org/codehaus/plexus/plexus-classworlds/2.6.0/plexus-classworlds-2.6.0.jar:/home/steven/.m2/repository/org/apache/maven/shared/maven-shared-utils/3.3.4/maven-shared-utils-3.3.4.jar:/home/steven/.m2/repository/org/codehaus/plexus/plexus-i18n/1.0-beta-10/plexus-i18n-1.0-beta-10.jar:/home/steven/.m2/repository/org/apache/maven/doxia/doxia-sink-api/2.0.0-M3/doxia-sink-api-2.0.0-M3.jar:/home/steven/.m2/repository/org/apache/maven/doxia/doxia-core/2.0.0-M3/doxia-core-2.0.0-M3.jar:/home/steven/.m2/repository/org/eclipse/sisu/org.eclipse.sisu.plexus/0.3.5/org.eclipse.sisu.plexus-0.3.5.jar:/home/steven/.m2/repository/javax/annotation/javax.annotation-api/1.2/javax.annotation-api-1.2.jar:/home/steven/.m2/repository/javax/enterprise/cdi-api/1.2/cdi-api-1.2.jar:/home/steven/.m2/repository/org/eclipse/sisu/org.eclipse.sisu.inject/0.3.5/org.eclipse.sisu.inject-0.3.5.jar:/home/steven/.m2/repository/org/apache/commons/commons-text/1.9/commons-text-1.9.jar:/home/steven/.m2/repository/org/apache/maven/doxia/doxia-module-xhtml/2.0.0-M3/doxia-module-xhtml-2.0.0-M3.jar:/home/steven/.m2/repository/org/apache/maven/doxia/doxia-module-xhtml5/2.0.0-M3/doxia-module-xhtml5-2.0.0-M3.jar:/home/steven/.m2/repository/org/apache/maven/doxia/doxia-module-apt/2.0.0-M3/doxia-module-apt-2.0.0-M3.jar:/home/steven/.m2/repository/org/apache/maven/doxia/doxia-module-xdoc/2.0.0-M3/doxia-module-xdoc-2.0.0-M3.jar:/home/steven/.m2/repository/org/apache/maven/doxia/doxia-module-fml/2.0.0-M3/doxia-module-fml-2.0.0-M3.jar:/home/steven/.m2/repository/org/apache/maven/doxia/doxia-module-markdown/2.0.0-M3/doxia-module-markdown-2.0.0-M3.jar:/home/steven/.m2/repository/com/vladsch/flexmark/flexmark-all/0.50.50/flexmark-all-0.50.50.jar:/home/steven/.m2/repository/com/vladsch/flexmark/flexmark/0.50.50/flexmark-0.50.50.jar:/home/steven/.m2/repository/com/vladsch/flexmark/flexmark-ext-abbreviation/0.50.50/flexmark-ext-abbreviation-0.50.50.jar:/home/steven/.m2/repository/com/vladsch/flexmark/flexmark-ext-admonition/0.50.50/flexmark-ext-admonition-0.50.50.jar:/home/steven/.m2/repository/com/vladsch/flexmark/flexmark-ext-anchorlink/0.50.50/flexmark-ext-anchorlink-0.50.50.jar:/home/steven/.m2/repository/com/vladsch/flexmark/flexmark-ext-aside/0.50.50/flexmark-ext-aside-0.50.50.jar:/home/steven/.m2/repository/com/vladsch/flexmark/flexmark-ext-attributes/0.50.50/flexmark-ext-attributes-0.50.50.jar:/home/steven/.m2/repository/com/vladsch/flexmark/flexmark-ext-autolink/0.50.50/flexmark-ext-autolink-0.50.50.jar:/home/steven/.m2/repository/org/nibor/autolink/autolink/0.6.0/autolink-0.6.0.jar:/home/steven/.m2/repository/com/vladsch/flexmark/flexmark-ext-definition/0.50.50/flexmark-ext-definition-0.50.50.jar:/home/steven/.m2/repository/com/vladsch/flexmark/flexmark-ext-emoji/0.50.50/flexmark-ext-emoji-0.50.50.jar:/home/steven/.m2/repository/com/vladsch/flexmark/flexmark-ext-enumerated-reference/0.50.50/flexmark-ext-enumerated-reference-0.50.50.jar:/home/steven/.m2/repository/com/vladsch/flexmark/flexmark-ext-escaped-character/0.50.50/flexmark-ext-escaped-character-0.50.50.jar:/home/steven/.m2/repository/com/vladsch/flexmark/flexmark-ext-footnotes/0.50.50/flexmark-ext-footnotes-0.50.50.jar:/home/steven/.m2/repository/com/vladsch/flexmark/flexmark-ext-gfm-issues/0.50.50/flexmark-ext-gfm-issues-0.50.50.jar:/home/steven/.m2/repository/com/vladsch/flexmark/flexmark-ext-gfm-strikethrough/0.50.50/flexmark-ext-gfm-strikethrough-0.50.50.jar:/home/steven/.m2/repository/com/vladsch/flexmark/flexmark-ext-gfm-tables/0.50.50/flexmark-ext-gfm-tables-0.50.50.jar:/home/steven/.m2/repository/com/vladsch/flexmark/flexmark-ext-gfm-tasklist/0.50.50/flexmark-ext-gfm-tasklist-0.50.50.jar:/home/steven/.m2/repository/com/vladsch/flexmark/flexmark-ext-gfm-users/0.50.50/flexmark-ext-gfm-users-0.50.50.jar:/home/steven/.m2/repository/com/vladsch/flexmark/flexmark-ext-gitlab/0.50.50/flexmark-ext-gitlab-0.50.50.jar:/home/steven/.m2/repository/com/vladsch/flexmark/flexmark-ext-jekyll-front-matter/0.50.50/flexmark-ext-jekyll-front-matter-0.50.50.jar:/home/steven/.m2/repository/com/vladsch/flexmark/flexmark-ext-jekyll-tag/0.50.50/flexmark-ext-jekyll-tag-0.50.50.jar:/home/steven/.m2/repository/com/vladsch/flexmark/flexmark-ext-media-tags/0.50.50/flexmark-ext-media-tags-0.50.50.jar:/home/steven/.m2/repository/com/vladsch/flexmark/flexmark-ext-macros/0.50.50/flexmark-ext-macros-0.50.50.jar:/home/steven/.m2/repository/com/vladsch/flexmark/flexmark-ext-ins/0.50.50/flexmark-ext-ins-0.50.50.jar:/home/steven/.m2/repository/com/vladsch/flexmark/flexmark-ext-xwiki-macros/0.50.50/flexmark-ext-xwiki-macros-0.50.50.jar:/home/steven/.m2/repository/com/vladsch/flexmark/flexmark-ext-superscript/0.50.50/flexmark-ext-superscript-0.50.50.jar:/home/steven/.m2/repository/com/vladsch/flexmark/flexmark-ext-tables/0.50.50/flexmark-ext-tables-0.50.50.jar:/home/steven/.m2/repository/com/vladsch/flexmark/flexmark-ext-toc/0.50.50/flexmark-ext-toc-0.50.50.jar:/home/steven/.m2/repository/com/vladsch/flexmark/flexmark-ext-typographic/0.50.50/flexmark-ext-typographic-0.50.50.jar:/home/steven/.m2/repository/com/vladsch/flexmark/flexmark-ext-wikilink/0.50.50/flexmark-ext-wikilink-0.50.50.jar:/home/steven/.m2/repository/com/vladsch/flexmark/flexmark-ext-yaml-front-matter/0.50.50/flexmark-ext-yaml-front-matter-0.50.50.jar:/home/steven/.m2/repository/com/vladsch/flexmark/flexmark-ext-youtube-embedded/0.50.50/flexmark-ext-youtube-embedded-0.50.50.jar:/home/steven/.m2/repository/com/vladsch/flexmark/flexmark-formatter/0.50.50/flexmark-formatter-0.50.50.jar:/home/steven/.m2/repository/com/vladsch/flexmark/flexmark-html-parser/0.50.50/flexmark-html-parser-0.50.50.jar:/home/steven/.m2/repository/org/jsoup/jsoup/1.11.3/jsoup-1.11.3.jar:/home/steven/.m2/repository/com/vladsch/flexmark/flexmark-html2md-converter/0.50.50/flexmark-html2md-converter-0.50.50.jar:/home/steven/.m2/repository/com/vladsch/flexmark/flexmark-jira-converter/0.50.50/flexmark-jira-converter-0.50.50.jar:/home/steven/.m2/repository/com/vladsch/flexmark/flexmark-profile-pegdown/0.50.50/flexmark-profile-pegdown-0.50.50.jar:/home/steven/.m2/repository/com/vladsch/flexmark/flexmark-util/0.50.50/flexmark-util-0.50.50.jar:/home/steven/.m2/repository/com/vladsch/flexmark/flexmark-youtrack-converter/0.50.50/flexmark-youtrack-converter-0.50.50.jar:/home/steven/.m2/repository/org/apache/maven/doxia/doxia-decoration-model/2.0.0-M3/doxia-decoration-model-2.0.0-M3.jar:/home/steven/.m2/repository/org/apache/maven/doxia/doxia-site-renderer/2.0.0-M3/doxia-site-renderer-2.0.0-M3.jar:/home/steven/.m2/repository/org/apache/maven/doxia/doxia-skin-model/2.0.0-M3/doxia-skin-model-2.0.0-M3.jar:/home/steven/.m2/repository/org/codehaus/plexus/plexus-velocity/2.0/plexus-velocity-2.0.jar:/home/steven/.m2/repository/org/apache/velocity/velocity-engine-core/2.3/velocity-engine-core-2.3.jar:/home/steven/.m2/repository/org/apache/velocity/tools/velocity-tools-generic/3.1/velocity-tools-generic-3.1.jar:/home/steven/.m2/repository/commons-beanutils/commons-beanutils/1.9.4/commons-beanutils-1.9.4.jar:/home/steven/.m2/repository/commons-logging/commons-logging/1.2/commons-logging-1.2.jar:/home/steven/.m2/repository/commons-collections/commons-collections/3.2.2/commons-collections-3.2.2.jar:/home/steven/.m2/repository/org/apache/commons/commons-digester3/3.2/commons-digester3-3.2.jar:/home/steven/.m2/repository/com/github/cliftonlabs/json-simple/3.0.2/json-simple-3.0.2.jar:/home/steven/.m2/repository/org/apache/commons/commons-lang3/3.12.0/commons-lang3-3.12.0.jar:/home/steven/.m2/repository/org/apache/maven/doxia/doxia-integration-tools/2.0.0-M3/doxia-integration-tools-2.0.0-M3.jar:/home/steven/.m2/repository/org/eclipse/jetty/jetty-server/9.4.48.v20220622/jetty-server-9.4.48.v20220622.jar:/home/steven/.m2/repository/javax/servlet/javax.servlet-api/3.1.0/javax.servlet-api-3.1.0.jar:/home/steven/.m2/repository/org/eclipse/jetty/jetty-http/9.4.48.v20220622/jetty-http-9.4.48.v20220622.jar:/home/steven/.m2/repository/org/eclipse/jetty/jetty-io/9.4.48.v20220622/jetty-io-9.4.48.v20220622.jar:/home/steven/.m2/repository/org/eclipse/jetty/jetty-servlet/9.4.48.v20220622/jetty-servlet-9.4.48.v20220622.jar:/home/steven/.m2/repository/org/eclipse/jetty/jetty-security/9.4.48.v20220622/jetty-security-9.4.48.v20220622.jar:/home/steven/.m2/repository/org/eclipse/jetty/jetty-util-ajax/9.4.48.v20220622/jetty-util-ajax-9.4.48.v20220622.jar:/home/steven/.m2/repository/org/eclipse/jetty/jetty-webapp/9.4.48.v20220622/jetty-webapp-9.4.48.v20220622.jar:/home/steven/.m2/repository/org/eclipse/jetty/jetty-xml/9.4.48.v20220622/jetty-xml-9.4.48.v20220622.jar:/home/steven/.m2/repository/org/eclipse/jetty/jetty-util/9.4.48.v20220622/jetty-util-9.4.48.v20220622.jar:"/>
    <property name="java.vm.vendor" value="Red Hat, Inc."/>
    <property name="sun.arch.data.model" value="64"/>
    <property name="java.vendor.url" value="https://www.redhat.com/"/>
    <property name="os.name" value="Linux"/>
    <property name="java.vm.specification.version" value="17"/>
    <property name="sun.java.launcher" value="SUN_STANDARD"/>
    <property name="user.country" value="FR"/>
    <property name="sun.boot.library.path" value="/usr/lib/jvm/java-17-openjdk-17.0.5.0.8-1.fc37.x86_64/lib"/>
    <property name="sun.java.command" value="/home/steven/Projets/java/parkingsystem-master/target/surefire/surefirebooter9591766819900802183.jar /home/steven/Projets/java/parkingsystem-master/target/surefire 2022-12-07T07-51-43_169-jvmRun1 surefire18360755621197835013tmp surefire_012782005746220431836tmp"/>
    <property name="jdk.debug" value="release"/>
    <property name="surefire.test.class.path" value="/home/steven/Projets/java/parkingsystem-master/target/test-classes:/home/steven/Projets/java/parkingsystem-master/target/classes:/home/steven/.m2/repository/org/apache/logging/log4j/log4j-api/2.19.0/log4j-api-2.19.0.jar:/home/steven/.m2/repository/org/apache/logging/log4j/log4j-core/2.19.0/log4j-core-2.19.0.jar:/home/steven/.m2/repository/mysql/mysql-connector-java/8.0.30/mysql-connector-java-8.0.30.jar:/home/steven/.m2/repository/com/google/protobuf/protobuf-java/3.19.4/protobuf-java-3.19.4.jar:/home/steven/.m2/repository/org/junit/jupiter/junit-jupiter-api/5.9.0/junit-jupiter-api-5.9.0.jar:/home/steven/.m2/repository/org/opentest4j/opentest4j/1.2.0/opentest4j-1.2.0.jar:/home/steven/.m2/repository/org/junit/platform/junit-platform-commons/1.9.0/junit-platform-commons-1.9.0.jar:/home/steven/.m2/repository/org/apiguardian/apiguardian-api/1.1.2/apiguardian-api-1.1.2.jar:/home/steven/.m2/repository/org/junit/jupiter/junit-jupiter-engine/5.9.0/junit-jupiter-engine-5.9.0.jar:/home/steven/.m2/repository/org/junit/platform/junit-platform-engine/1.9.0/junit-platform-engine-1.9.0.jar:/home/steven/.m2/repository/org/mockito/mockito-junit-jupiter/4.8.0/mockito-junit-jupiter-4.8.0.jar:/home/steven/.m2/repository/org/mockito/mockito-core/4.8.0/mockito-core-4.8.0.jar:/home/steven/.m2/repository/net/bytebuddy/byte-buddy/1.12.14/byte-buddy-1.12.14.jar:/home/steven/.m2/repository/net/bytebuddy/byte-buddy-agent/1.12.14/byte-buddy-agent-1.12.14.jar:/home/steven/.m2/repository/org/objenesis/objenesis/3.2/objenesis-3.2.jar:/home/steven/.m2/repository/org/jacoco/jacoco-maven-plugin/0.8.8/jacoco-maven-plugin-0.8.8.jar:/home/steven/.m2/repository/org/codehaus/plexus/plexus-utils/3.0.22/plexus-utils-3.0.22.jar:/home/steven/.m2/repository/org/apache/maven/shared/file-management/1.2.1/file-management-1.2.1.jar:/home/steven/.m2/repository/org/apache/maven/maven-plugin-api/2.0.6/maven-plugin-api-2.0.6.jar:/home/steven/.m2/repository/org/apache/maven/shared/maven-shared-io/1.1/maven-shared-io-1.1.jar:/home/steven/.m2/repository/org/apache/maven/maven-artifact-manager/2.0.2/maven-artifact-manager-2.0.2.jar:/home/steven/.m2/repository/org/apache/maven/wagon/wagon-provider-api/1.0-alpha-6/wagon-provider-api-1.0-alpha-6.jar:/home/steven/.m2/repository/org/codehaus/plexus/plexus-container-default/1.0-alpha-9/plexus-container-default-1.0-alpha-9.jar:/home/steven/.m2/repository/junit/junit/3.8.1/junit-3.8.1.jar:/home/steven/.m2/repository/classworlds/classworlds/1.1-alpha-2/classworlds-1.1-alpha-2.jar:/home/steven/.m2/repository/org/apache/maven/reporting/maven-reporting-api/3.0/maven-reporting-api-3.0.jar:/home/steven/.m2/repository/org/jacoco/org.jacoco.agent/0.8.8/org.jacoco.agent-0.8.8-runtime.jar:/home/steven/.m2/repository/org/jacoco/org.jacoco.core/0.8.8/org.jacoco.core-0.8.8.jar:/home/steven/.m2/repository/org/ow2/asm/asm/9.2/asm-9.2.jar:/home/steven/.m2/repository/org/ow2/asm/asm-commons/9.2/asm-commons-9.2.jar:/home/steven/.m2/repository/org/ow2/asm/asm-analysis/9.2/asm-analysis-9.2.jar:/home/steven/.m2/repository/org/ow2/asm/asm-tree/9.2/asm-tree-9.2.jar:/home/steven/.m2/repository/org/jacoco/org.jacoco.report/0.8.8/org.jacoco.report-0.8.8.jar:/home/steven/.m2/repository/org/apache/maven/plugins/maven-assembly-plugin/3.4.2/maven-assembly-plugin-3.4.2.jar:/home/steven/.m2/repository/org/apache/maven/shared/maven-common-artifact-filters/3.3.1/maven-common-artifact-filters-3.3.1.jar:/home/steven/.m2/repository/org/slf4j/slf4j-api/1.7.36/slf4j-api-1.7.36.jar:/home/steven/.m2/repository/org/apache/maven/shared/maven-artifact-transfer/0.13.1/maven-artifact-transfer-0.13.1.jar:/home/steven/.m2/repository/org/apache/maven/maven-core/3.0/maven-core-3.0.jar:/home/steven/.m2/repository/org/apache/maven/maven-repository-metadata/3.0/maven-repository-metadata-3.0.jar:/home/steven/.m2/repository/org/apache/maven/maven-model-builder/3.0/maven-model-builder-3.0.jar:/home/steven/.m2/repository/org/apache/maven/maven-aether-provider/3.0/maven-aether-provider-3.0.jar:/home/steven/.m2/repository/org/sonatype/aether/aether-impl/1.7/aether-impl-1.7.jar:/home/steven/.m2/repository/org/sonatype/aether/aether-spi/1.7/aether-spi-1.7.jar:/home/steven/.m2/repository/org/sonatype/aether/aether-api/1.7/aether-api-1.7.jar:/home/steven/.m2/repository/org/sonatype/aether/aether-util/1.7/aether-util-1.7.jar:/home/steven/.m2/repository/org/sonatype/sisu/sisu-inject-plexus/1.4.2/sisu-inject-plexus-1.4.2.jar:/home/steven/.m2/repository/org/sonatype/sisu/sisu-inject-bean/1.4.2/sisu-inject-bean-1.4.2.jar:/home/steven/.m2/repository/org/sonatype/sisu/sisu-guice/2.1.7/sisu-guice-2.1.7-noaop.jar:/home/steven/.m2/repository/org/sonatype/plexus/plexus-sec-dispatcher/1.3/plexus-sec-dispatcher-1.3.jar:/home/steven/.m2/repository/org/sonatype/plexus/plexus-cipher/1.4/plexus-cipher-1.4.jar:/home/steven/.m2/repository/org/apache/maven/maven-artifact/3.0/maven-artifact-3.0.jar:/home/steven/.m2/repository/org/codehaus/plexus/plexus-component-annotations/2.0.0/plexus-component-annotations-2.0.0.jar:/home/steven/.m2/repository/org/codehaus/plexus/plexus-interpolation/1.26/plexus-interpolation-1.26.jar:/home/steven/.m2/repository/commons-io/commons-io/2.11.0/commons-io-2.11.0.jar:/home/steven/.m2/repository/org/apache/maven/shared/maven-filtering/3.3.0/maven-filtering-3.3.0.jar:/home/steven/.m2/repository/javax/inject/javax.inject/1/javax.inject-1.jar:/home/steven/.m2/repository/org/sonatype/plexus/plexus-build-api/0.0.7/plexus-build-api-0.0.7.jar:/home/steven/.m2/repository/org/codehaus/plexus/plexus-io/3.4.0/plexus-io-3.4.0.jar:/home/steven/.m2/repository/org/codehaus/plexus/plexus-archiver/4.4.0/plexus-archiver-4.4.0.jar:/home/steven/.m2/repository/org/apache/commons/commons-compress/1.21/commons-compress-1.21.jar:/home/steven/.m2/repository/org/iq80/snappy/snappy/0.4/snappy-0.4.jar:/home/steven/.m2/repository/org/tukaani/xz/1.9/xz-1.9.jar:/home/steven/.m2/repository/org/apache/maven/maven-archiver/3.6.0/maven-archiver-3.6.0.jar:/home/steven/.m2/repository/com/github/spotbugs/spotbugs-annotations/4.7.3/spotbugs-annotations-4.7.3.jar:/home/steven/.m2/repository/com/google/code/findbugs/jsr305/3.0.2/jsr305-3.0.2.jar:/home/steven/.m2/repository/org/apache/maven/plugins/maven-surefire-plugin/3.0.0-M7/maven-surefire-plugin-3.0.0-M7.jar:/home/steven/.m2/repository/org/apache/maven/surefire/maven-surefire-common/3.0.0-M7/maven-surefire-common-3.0.0-M7.jar:/home/steven/.m2/repository/org/apache/maven/surefire/surefire-api/3.0.0-M7/surefire-api-3.0.0-M7.jar:/home/steven/.m2/repository/org/apache/maven/surefire/surefire-logger-api/3.0.0-M7/surefire-logger-api-3.0.0-M7.jar:/home/steven/.m2/repository/org/apache/maven/surefire/surefire-extensions-api/3.0.0-M7/surefire-extensions-api-3.0.0-M7.jar:/home/steven/.m2/repository/org/apache/maven/surefire/surefire-booter/3.0.0-M7/surefire-booter-3.0.0-M7.jar:/home/steven/.m2/repository/org/apache/maven/surefire/surefire-extensions-spi/3.0.0-M7/surefire-extensions-spi-3.0.0-M7.jar:/home/steven/.m2/repository/org/codehaus/plexus/plexus-java/1.1.1/plexus-java-1.1.1.jar:/home/steven/.m2/repository/com/thoughtworks/qdox/qdox/2.0.1/qdox-2.0.1.jar:/home/steven/.m2/repository/org/apache/maven/surefire/surefire-shared-utils/3.0.0-M7/surefire-shared-utils-3.0.0-M7.jar:/home/steven/.m2/repository/org/apache/maven/plugins/maven-site-plugin/4.0.0-M3/maven-site-plugin-4.0.0-M3.jar:/home/steven/.m2/repository/org/apache/maven/reporting/maven-reporting-exec/2.0.0-M2/maven-reporting-exec-2.0.0-M2.jar:/home/steven/.m2/repository/org/apache/maven/maven-model/3.2.5/maven-model-3.2.5.jar:/home/steven/.m2/repository/org/apache/maven/maven-settings/3.2.5/maven-settings-3.2.5.jar:/home/steven/.m2/repository/org/apache/maven/maven-settings-builder/3.2.5/maven-settings-builder-3.2.5.jar:/home/steven/.m2/repository/org/eclipse/aether/aether-api/1.0.0.v20140518/aether-api-1.0.0.v20140518.jar:/home/steven/.m2/repository/org/eclipse/aether/aether-util/1.0.0.v20140518/aether-util-1.0.0.v20140518.jar:/home/steven/.m2/repository/org/codehaus/plexus/plexus-classworlds/2.6.0/plexus-classworlds-2.6.0.jar:/home/steven/.m2/repository/org/apache/maven/shared/maven-shared-utils/3.3.4/maven-shared-utils-3.3.4.jar:/home/steven/.m2/repository/org/codehaus/plexus/plexus-i18n/1.0-beta-10/plexus-i18n-1.0-beta-10.jar:/home/steven/.m2/repository/org/apache/maven/doxia/doxia-sink-api/2.0.0-M3/doxia-sink-api-2.0.0-M3.jar:/home/steven/.m2/repository/org/apache/maven/doxia/doxia-core/2.0.0-M3/doxia-core-2.0.0-M3.jar:/home/steven/.m2/repository/org/eclipse/sisu/org.eclipse.sisu.plexus/0.3.5/org.eclipse.sisu.plexus-0.3.5.jar:/home/steven/.m2/repository/javax/annotation/javax.annotation-api/1.2/javax.annotation-api-1.2.jar:/home/steven/.m2/repository/javax/enterprise/cdi-api/1.2/cdi-api-1.2.jar:/home/steven/.m2/repository/org/eclipse/sisu/org.eclipse.sisu.inject/0.3.5/org.eclipse.sisu.inject-0.3.5.jar:/home/steven/.m2/repository/org/apache/commons/commons-text/1.9/commons-text-1.9.jar:/home/steven/.m2/repository/org/apache/maven/doxia/doxia-module-xhtml/2.0.0-M3/doxia-module-xhtml-2.0.0-M3.jar:/home/steven/.m2/repository/org/apache/maven/doxia/doxia-module-xhtml5/2.0.0-M3/doxia-module-xhtml5-2.0.0-M3.jar:/home/steven/.m2/repository/org/apache/maven/doxia/doxia-module-apt/2.0.0-M3/doxia-module-apt-2.0.0-M3.jar:/home/steven/.m2/repository/org/apache/maven/doxia/doxia-module-xdoc/2.0.0-M3/doxia-module-xdoc-2.0.0-M3.jar:/home/steven/.m2/repository/org/apache/maven/doxia/doxia-module-fml/2.0.0-M3/doxia-module-fml-2.0.0-M3.jar:/home/steven/.m2/repository/org/apache/maven/doxia/doxia-module-markdown/2.0.0-M3/doxia-module-markdown-2.0.0-M3.jar:/home/steven/.m2/repository/com/vladsch/flexmark/flexmark-all/0.50.50/flexmark-all-0.50.50.jar:/home/steven/.m2/repository/com/vladsch/flexmark/flexmark/0.50.50/flexmark-0.50.50.jar:/home/steven/.m2/repository/com/vladsch/flexmark/flexmark-ext-abbreviation/0.50.50/flexmark-ext-abbreviation-0.50.50.jar:/home/steven/.m2/repository/com/vladsch/flexmark/flexmark-ext-admonition/0.50.50/flexmark-ext-admonition-0.50.50.jar:/home/steven/.m2/repository/com/vladsch/flexmark/flexmark-ext-anchorlink/0.50.50/flexmark-ext-anchorlink-0.50.50.jar:/home/steven/.m2/repository/com/vladsch/flexmark/flexmark-ext-aside/0.50.50/flexmark-ext-aside-0.50.50.jar:/home/steven/.m2/repository/com/vladsch/flexmark/flexmark-ext-attributes/0.50.50/flexmark-ext-attributes-0.50.50.jar:/home/steven/.m2/repository/com/vladsch/flexmark/flexmark-ext-autolink/0.50.50/flexmark-ext-autolink-0.50.50.jar:/home/steven/.m2/repository/org/nibor/autolink/autolink/0.6.0/autolink-0.6.0.jar:/home/steven/.m2/repository/com/vladsch/flexmark/flexmark-ext-definition/0.50.50/flexmark-ext-definition-0.50.50.jar:/home/steven/.m2/repository/com/vladsch/flexmark/flexmark-ext-emoji/0.50.50/flexmark-ext-emoji-0.50.50.jar:/home/steven/.m2/repository/com/vladsch/flexmark/flexmark-ext-enumerated-reference/0.50.50/flexmark-ext-enumerated-reference-0.50.50.jar:/home/steven/.m2/repository/com/vladsch/flexmark/flexmark-ext-escaped-character/0.50.50/flexmark-ext-escaped-character-0.50.50.jar:/home/steven/.m2/repository/com/vladsch/flexmark/flexmark-ext-footnotes/0.50.50/flexmark-ext-footnotes-0.50.50.jar:/home/steven/.m2/repository/com/vladsch/flexmark/flexmark-ext-gfm-issues/0.50.50/flexmark-ext-gfm-issues-0.50.50.jar:/home/steven/.m2/repository/com/vladsch/flexmark/flexmark-ext-gfm-strikethrough/0.50.50/flexmark-ext-gfm-strikethrough-0.50.50.jar:/home/steven/.m2/repository/com/vladsch/flexmark/flexmark-ext-gfm-tables/0.50.50/flexmark-ext-gfm-tables-0.50.50.jar:/home/steven/.m2/repository/com/vladsch/flexmark/flexmark-ext-gfm-tasklist/0.50.50/flexmark-ext-gfm-tasklist-0.50.50.jar:/home/steven/.m2/repository/com/vladsch/flexmark/flexmark-ext-gfm-users/0.50.50/flexmark-ext-gfm-users-0.50.50.jar:/home/steven/.m2/repository/com/vladsch/flexmark/flexmark-ext-gitlab/0.50.50/flexmark-ext-gitlab-0.50.50.jar:/home/steven/.m2/repository/com/vladsch/flexmark/flexmark-ext-jekyll-front-matter/0.50.50/flexmark-ext-jekyll-front-matter-0.50.50.jar:/home/steven/.m2/repository/com/vladsch/flexmark/flexmark-ext-jekyll-tag/0.50.50/flexmark-ext-jekyll-tag-0.50.50.jar:/home/steven/.m2/repository/com/vladsch/flexmark/flexmark-ext-media-tags/0.50.50/flexmark-ext-media-tags-0.50.50.jar:/home/steven/.m2/repository/com/vladsch/flexmark/flexmark-ext-macros/0.50.50/flexmark-ext-macros-0.50.50.jar:/home/steven/.m2/repository/com/vladsch/flexmark/flexmark-ext-ins/0.50.50/flexmark-ext-ins-0.50.50.jar:/home/steven/.m2/repository/com/vladsch/flexmark/flexmark-ext-xwiki-macros/0.50.50/flexmark-ext-xwiki-macros-0.50.50.jar:/home/steven/.m2/repository/com/vladsch/flexmark/flexmark-ext-superscript/0.50.50/flexmark-ext-superscript-0.50.50.jar:/home/steven/.m2/repository/com/vladsch/flexmark/flexmark-ext-tables/0.50.50/flexmark-ext-tables-0.50.50.jar:/home/steven/.m2/repository/com/vladsch/flexmark/flexmark-ext-toc/0.50.50/flexmark-ext-toc-0.50.50.jar:/home/steven/.m2/repository/com/vladsch/flexmark/flexmark-ext-typographic/0.50.50/flexmark-ext-typographic-0.50.50.jar:/home/steven/.m2/repository/com/vladsch/flexmark/flexmark-ext-wikilink/0.50.50/flexmark-ext-wikilink-0.50.50.jar:/home/steven/.m2/repository/com/vladsch/flexmark/flexmark-ext-yaml-front-matter/0.50.50/flexmark-ext-yaml-front-matter-0.50.50.jar:/home/steven/.m2/repository/com/vladsch/flexmark/flexmark-ext-youtube-embedded/0.50.50/flexmark-ext-youtube-embedded-0.50.50.jar:/home/steven/.m2/repository/com/vladsch/flexmark/flexmark-formatter/0.50.50/flexmark-formatter-0.50.50.jar:/home/steven/.m2/repository/com/vladsch/flexmark/flexmark-html-parser/0.50.50/flexmark-html-parser-0.50.50.jar:/home/steven/.m2/repository/org/jsoup/jsoup/1.11.3/jsoup-1.11.3.jar:/home/steven/.m2/repository/com/vladsch/flexmark/flexmark-html2md-converter/0.50.50/flexmark-html2md-converter-0.50.50.jar:/home/steven/.m2/repository/com/vladsch/flexmark/flexmark-jira-converter/0.50.50/flexmark-jira-converter-0.50.50.jar:/home/steven/.m2/repository/com/vladsch/flexmark/flexmark-profile-pegdown/0.50.50/flexmark-profile-pegdown-0.50.50.jar:/home/steven/.m2/repository/com/vladsch/flexmark/flexmark-util/0.50.50/flexmark-util-0.50.50.jar:/home/steven/.m2/repository/com/vladsch/flexmark/flexmark-youtrack-converter/0.50.50/flexmark-youtrack-converter-0.50.50.jar:/home/steven/.m2/repository/org/apache/maven/doxia/doxia-decoration-model/2.0.0-M3/doxia-decoration-model-2.0.0-M3.jar:/home/steven/.m2/repository/org/apache/maven/doxia/doxia-site-renderer/2.0.0-M3/doxia-site-renderer-2.0.0-M3.jar:/home/steven/.m2/repository/org/apache/maven/doxia/doxia-skin-model/2.0.0-M3/doxia-skin-model-2.0.0-M3.jar:/home/steven/.m2/repository/org/codehaus/plexus/plexus-velocity/2.0/plexus-velocity-2.0.jar:/home/steven/.m2/repository/org/apache/velocity/velocity-engine-core/2.3/velocity-engine-core-2.3.jar:/home/steven/.m2/repository/org/apache/velocity/tools/velocity-tools-generic/3.1/velocity-tools-generic-3.1.jar:/home/steven/.m2/repository/commons-beanutils/commons-beanutils/1.9.4/commons-beanutils-1.9.4.jar:/home/steven/.m2/repository/commons-logging/commons-logging/1.2/commons-logging-1.2.jar:/home/steven/.m2/repository/commons-collections/commons-collections/3.2.2/commons-collections-3.2.2.jar:/home/steven/.m2/repository/org/apache/commons/commons-digester3/3.2/commons-digester3-3.2.jar:/home/steven/.m2/repository/com/github/cliftonlabs/json-simple/3.0.2/json-simple-3.0.2.jar:/home/steven/.m2/repository/org/apache/commons/commons-lang3/3.12.0/commons-lang3-3.12.0.jar:/home/steven/.m2/repository/org/apache/maven/doxia/doxia-integration-tools/2.0.0-M3/doxia-integration-tools-2.0.0-M3.jar:/home/steven/.m2/repository/org/eclipse/jetty/jetty-server/9.4.48.v20220622/jetty-server-9.4.48.v20220622.jar:/home/steven/.m2/repository/javax/servlet/javax.servlet-api/3.1.0/javax.servlet-api-3.1.0.jar:/home/steven/.m2/repository/org/eclipse/jetty/jetty-http/9.4.48.v20220622/jetty-http-9.4.48.v20220622.jar:/home/steven/.m2/repository/org/eclipse/jetty/jetty-io/9.4.48.v20220622/jetty-io-9.4.48.v20220622.jar:/home/steven/.m2/repository/org/eclipse/jetty/jetty-servlet/9.4.48.v20220622/jetty-servlet-9.4.48.v20220622.jar:/home/steven/.m2/repository/org/eclipse/jetty/jetty-security/9.4.48.v20220622/jetty-security-9.4.48.v20220622.jar:/home/steven/.m2/repository/org/eclipse/jetty/jetty-util-ajax/9.4.48.v20220622/jetty-util-ajax-9.4.48.v20220622.jar:/home/steven/.m2/repository/org/eclipse/jetty/jetty-webapp/9.4.48.v20220622/jetty-webapp-9.4.48.v20220622.jar:/home/steven/.m2/repository/org/eclipse/jetty/jetty-xml/9.4.48.v20220622/jetty-xml-9.4.48.v20220622.jar:/home/steven/.m2/repository/org/eclipse/jetty/jetty-util/9.4.48.v20220622/jetty-util-9.4.48.v20220622.jar:"/>
    <property name="sun.cpu.endian" value="little"/>
    <property name="user.home" value="/home/steven"/>
    <property name="user.language" value="fr"/>
    <property name="java.specification.vendor" value="Oracle Corporation"/>
    <property name="java.version.date" value="2022-10-18"/>
    <property name="java.home" value="/usr/lib/jvm/java-17-openjdk-17.0.5.0.8-1.fc37.x86_64"/>
    <property name="file.separator" value="/"/>
    <property name="basedir" value="/home/steven/Projets/java/parkingsystem-master"/>
    <property name="java.vm.compressedOopsMode" value="Zero based"/>
    <property name="line.separator" value="&#10;"/>
    <property name="java.specification.name" value="Java Platform API Specification"/>
    <property name="java.vm.specification.vendor" value="Oracle Corporation"/>
    <property name="surefire.real.class.path" value="/home/steven/Projets/java/parkingsystem-master/target/surefire/surefirebooter9591766819900802183.jar"/>
    <property name="sun.management.compiler" value="HotSpot 64-Bit Tiered Compilers"/>
    <property name="java.runtime.version" value="17.0.5+8"/>
    <property name="user.name" value="steven"/>
    <property name="path.separator" value=":"/>
    <property name="os.version" value="6.0.11-300.fc37.x86_64"/>
    <property name="java.runtime.name" value="OpenJDK Runtime Environment"/>
    <property name="file.encoding" value="UTF-8"/>
    <property name="java.vm.name" value="OpenJDK 64-Bit Server VM"/>
    <property name="java.vendor.version" value="(Red_Hat-17.0.5.0.8-1.fc37)"/>
    <property name="localRepository" value="/home/steven/.m2/repository"/>
    <property name="java.vendor.url.bug" value="https://bugzilla.redhat.com/enter_bug.cgi?product=Fedora&amp;component=java-17-openjdk&amp;version=37"/>
    <property name="java.io.tmpdir" value="/tmp"/>
    <property name="java.version" value="17.0.5"/>
    <property name="user.dir" value="/home/steven/Projets/java/parkingsystem-master"/>
    <property name="os.arch" value="amd64"/>
    <property name="java.vm.specification.name" value="Java Virtual Machine Specification"/>
    <property name="native.encoding" value="UTF-8"/>
    <property name="java.library.path" value="/usr/java/packages/lib:/usr/lib64:/lib64:/lib:/usr/lib"/>
    <property name="java.vm.info" value="mixed mode, sharing"/>
    <property name="java.vendor" value="Red Hat, Inc."/>
    <property name="java.vm.version" value="17.0.5+8"/>
    <property name="sun.io.unicode.encoding" value="UnicodeLittle"/>
    <property name="java.class.version" value="61.0"/>
  </properties>
  <testcase name="processExistingVehicleTestThrowsExceptionTest" classname="com.parkit.parkingsystem.ParkingServiceTest" time="1.417"/>
  <testcase name="getNextParkingNumberIfAvailableForCarTest" classname="com.parkit.parkingsystem.ParkingServiceTest" time="0.019"/>
  <testcase name="processExitingVehicleTest" classname="com.parkit.parkingsystem.ParkingServiceTest" time="0.008"/>
  <testcase name="getNextParkingNumberIfAvailableForBikeTest" classname="com.parkit.parkingsystem.ParkingServiceTest" time="0.006"/>
</testsuite>